<?xml version="1.0" encoding="UTF-8"?>
<testng-results ignored="1" total="2" passed="1" failed="0" skipped="0">
  <reporter-output>
  </reporter-output>
  <suite started-at="2022-01-08T03:13:58Z" name="Critical Test" finished-at="2022-01-08T03:13:58Z" duration-ms="29">
    <groups>
      <group name="@Regression">
        <method signature="TestNGTest.secondTest()[pri:0, instance:com.automation.tests.TestNGTest@68567e20]" name="secondTest" class="com.automation.tests.TestNGTest"/>
      </group> <!-- @Regression -->
    </groups>
    <test started-at="2022-01-08T03:13:58Z" name="Login Test" finished-at="2022-01-08T03:13:58Z" duration-ms="29">
      <class name="com.automation.tests.TestNGTest">
        <test-method is-config="true" signature="setUp()[pri:0, instance:com.automation.tests.TestNGTest@68567e20]" started-at="2022-01-08T03:13:58Z" name="setUp" finished-at="2022-01-08T03:13:58Z" duration-ms="7" status="PASS">
          <reporter-output>
          </reporter-output>
        </test-method> <!-- setUp -->
        <test-method signature="secondTest()[pri:0, instance:com.automation.tests.TestNGTest@68567e20]" started-at="2022-01-08T03:13:58Z" name="secondTest" finished-at="2022-01-08T03:13:58Z" duration-ms="1" status="PASS">
          <reporter-output>
          </reporter-output>
        </test-method> <!-- secondTest -->
        <test-method is-config="true" signature="cleanUp()[pri:0, instance:com.automation.tests.TestNGTest@68567e20]" started-at="2022-01-08T03:13:58Z" name="cleanUp" finished-at="2022-01-08T03:13:58Z" duration-ms="0" status="PASS">
          <reporter-output>
          </reporter-output>
        </test-method> <!-- cleanUp -->
      </class> <!-- com.automation.tests.TestNGTest -->
    </test> <!-- Login Test -->
  </suite> <!-- Critical Test -->
</testng-results>
