<?xml version="1.0" encoding="UTF-8"?>
<!-- Generated by org.testng.reporters.JUnitXMLReporter -->
<testsuite ignored="1" hostname="MacBook-Pro-Nurlan.local" failures="0" tests="1" name="Login Test" time="0.029" errors="0" timestamp="08 янв. 2022 03:14:03 GMT">
  <testcase classname="com.automation.tests.TestNGTest" name="secondTest" time="0.001"/>
  <testcase classname="com.automation.tests.TestNGTest" name="firstTest" time="0.0">
    <ignored/>
  </testcase> <!-- firstTest -->
</testsuite> <!-- Login Test -->
